{"/Users/marc.wissler/code/git@vi/biotope/biotope-element/src/attribute-name-mapper.ts": {"path":"/Users/marc.wissler/code/git@vi/biotope/biotope-element/src/attribute-name-mapper.ts","statementMap":{"0":{"start":{"line":3,"column":13},"end":{"line":5,"column":14}},"1":{"start":{"line":3,"column":65},"end":{"line":5,"column":13}}},"fnMap":{"0":{"name":"(anonymous_0)","decl":{"start":{"line":3,"column":35},"end":{"line":3,"column":36}},"loc":{"start":{"line":3,"column":65},"end":{"line":5,"column":13}}}},"branchMap":{"0":{"loc":{"start":{"line":4,"column":4},"end":{"line":4,"column":8}},"type":"cond-expr","locations":[{"start":{"line":4,"column":4},"end":{"line":4,"column":8}},{"start":{"line":5,"column":4},"end":{"line":5,"column":13}}]}},"s":{"0":4,"1":4},"f":{"0":4},"b":{"0":[4,0]}}
,"/Users/marc.wissler/code/git@vi/biotope/biotope-element/src/camelize.ts": {"path":"/Users/marc.wissler/code/git@vi/biotope/biotope-element/src/camelize.ts","statementMap":{"0":{"start":{"line":1,"column":13},"end":{"line":1,"column":105}},"1":{"start":{"line":1,"column":51},"end":{"line":1,"column":104}},"2":{"start":{"line":1,"column":85},"end":{"line":1,"column":103}}},"fnMap":{"0":{"name":"(anonymous_0)","decl":{"start":{"line":1,"column":24},"end":{"line":1,"column":25}},"loc":{"start":{"line":1,"column":51},"end":{"line":1,"column":104}}},"1":{"name":"(anonymous_1)","decl":{"start":{"line":1,"column":78},"end":{"line":1,"column":79}},"loc":{"start":{"line":1,"column":85},"end":{"line":1,"column":103}}}},"branchMap":{},"s":{"0":4,"1":4,"2":3},"f":{"0":4,"1":3},"b":{}}
,"/Users/marc.wissler/code/git@vi/biotope/biotope-element/src/get-component-name.ts": {"path":"/Users/marc.wissler/code/git@vi/biotope/biotope-element/src/get-component-name.ts","statementMap":{"0":{"start":{"line":1,"column":0},"end":{"line":1,"column":33}},"1":{"start":{"line":7,"column":13},"end":{"line":9,"column":2}},"2":{"start":{"line":7,"column":61},"end":{"line":9,"column":1}}},"fnMap":{"0":{"name":"(anonymous_1)","decl":{"start":{"line":7,"column":32},"end":{"line":7,"column":33}},"loc":{"start":{"line":7,"column":61},"end":{"line":9,"column":1}}}},"branchMap":{"0":{"loc":{"start":{"line":7,"column":61},"end":{"line":7,"column":82}},"type":"binary-expr","locations":[{"start":{"line":7,"column":61},"end":{"line":7,"column":82}},{"start":{"line":7,"column":86},"end":{"line":9,"column":1}}]},"1":{"loc":{"start":{"line":8,"column":2},"end":{"line":8,"column":14}},"type":"binary-expr","locations":[{"start":{"line":8,"column":2},"end":{"line":8,"column":14}},{"start":{"line":8,"column":18},"end":{"line":8,"column":70}}]}},"s":{"0":4,"1":4,"2":1},"f":{"0":1},"b":{"0":[1,0],"1":[0,0]}}
,"/Users/marc.wissler/code/git@vi/biotope/biotope-element/src/index.ts": {"path":"/Users/marc.wissler/code/git@vi/biotope/biotope-element/src/index.ts","statementMap":{"0":{"start":{"line":1,"column":0},"end":{"line":1,"column":48}},"1":{"start":{"line":2,"column":0},"end":{"line":2,"column":39}},"2":{"start":{"line":4,"column":0},"end":{"line":4,"column":37}},"3":{"start":{"line":6,"column":0},"end":{"line":6,"column":37}},"4":{"start":{"line":7,"column":0},"end":{"line":7,"column":61}},"5":{"start":{"line":57,"column":4},"end":{"line":57,"column":12}},"6":{"start":{"line":58,"column":4},"end":{"line":58,"column":40}},"7":{"start":{"line":19,"column":4},"end":{"line":19,"column":19}},"8":{"start":{"line":23,"column":4},"end":{"line":23,"column":52}},"9":{"start":{"line":31,"column":4},"end":{"line":31,"column":16}},"10":{"start":{"line":35,"column":4},"end":{"line":38,"column":6}},"11":{"start":{"line":42,"column":4},"end":{"line":42,"column":30}},"12":{"start":{"line":43,"column":4},"end":{"line":43,"column":26}},"13":{"start":{"line":47,"column":4},"end":{"line":47,"column":16}},"14":{"start":{"line":51,"column":4},"end":{"line":51,"column":17}},"15":{"start":{"line":63,"column":4},"end":{"line":63,"column":18}},"16":{"start":{"line":67,"column":23},"end":{"line":68,"column":65}},"17":{"start":{"line":68,"column":30},"end":{"line":68,"column":64}},"18":{"start":{"line":70,"column":4},"end":{"line":75,"column":5}},"19":{"start":{"line":71,"column":6},"end":{"line":74,"column":8}},"20":{"start":{"line":80,"column":4},"end":{"line":80,"column":18}},"21":{"start":{"line":84,"column":4},"end":{"line":90,"column":7}},"22":{"start":{"line":13,"column":16},"end":{"line":13,"column":56}},"23":{"start":{"line":27,"column":19},"end":{"line":27,"column":59}},"24":{"start":{"line":11,"column":0},"end":{"line":92,"column":1}}},"fnMap":{"0":{"name":"(anonymous_1)","decl":{"start":{"line":56,"column":2},"end":{"line":null,"column":-1}},"loc":{"start":{"line":56,"column":2},"end":{"line":59,"column":3}}},"1":{"name":"(anonymous_2)","decl":{"start":{"line":18,"column":9},"end":{"line":18,"column":14}},"loc":{"start":{"line":18,"column":24},"end":{"line":20,"column":3}}},"2":{"name":"(anonymous_3)","decl":{"start":{"line":22,"column":9},"end":{"line":22,"column":14}},"loc":{"start":{"line":22,"column":38},"end":{"line":24,"column":3}}},"3":{"name":"(anonymous_4)","decl":{"start":{"line":30,"column":2},"end":{"line":30,"column":15}},"loc":{"start":{"line":30,"column":28},"end":{"line":32,"column":3}}},"4":{"name":"(anonymous_5)","decl":{"start":{"line":34,"column":2},"end":{"line":34,"column":12}},"loc":{"start":{"line":34,"column":18},"end":{"line":39,"column":3}}},"5":{"name":"(anonymous_6)","decl":{"start":{"line":41,"column":2},"end":{"line":41,"column":12}},"loc":{"start":{"line":41,"column":32},"end":{"line":44,"column":3}}},"6":{"name":"(anonymous_7)","decl":{"start":{"line":46,"column":2},"end":{"line":46,"column":15}},"loc":{"start":{"line":46,"column":20},"end":{"line":48,"column":3}}},"7":{"name":"(anonymous_8)","decl":{"start":{"line":50,"column":2},"end":{"line":50,"column":15}},"loc":{"start":{"line":50,"column":21},"end":{"line":52,"column":3}}},"8":{"name":"(anonymous_9)","decl":{"start":{"line":62,"column":9},"end":{"line":62,"column":15}},"loc":{"start":{"line":62,"column":16},"end":{"line":64,"column":3}}},"9":{"name":"(anonymous_10)","decl":{"start":{"line":66,"column":9},"end":{"line":66,"column":32}},"loc":{"start":{"line":66,"column":82},"end":{"line":76,"column":3}}},"10":{"name":"(anonymous_11)","decl":{"start":{"line":68,"column":12},"end":{"line":68,"column":13}},"loc":{"start":{"line":68,"column":30},"end":{"line":68,"column":64}}},"11":{"name":"(anonymous_12)","decl":{"start":{"line":79,"column":12},"end":{"line":79,"column":25}},"loc":{"start":{"line":79,"column":26},"end":{"line":81,"column":3}}},"12":{"name":"(anonymous_13)","decl":{"start":{"line":83,"column":12},"end":{"line":83,"column":15}},"loc":{"start":{"line":83,"column":71},"end":{"line":91,"column":3}}}},"branchMap":{"0":{"loc":{"start":{"line":70,"column":4},"end":{"line":75,"column":5}},"type":"if","locations":[{"start":{"line":70,"column":4},"end":{"line":75,"column":5}},{"start":{"line":70,"column":4},"end":{"line":75,"column":5}}]},"1":{"loc":{"start":{"line":73,"column":58},"end":{"line":73,"column":66}},"type":"cond-expr","locations":[{"start":{"line":73,"column":58},"end":{"line":73,"column":66}},{"start":{"line":73,"column":69},"end":{"line":73,"column":98}}]},"2":{"loc":{"start":{"line":83,"column":67},"end":{"line":83,"column":71}},"type":"default-arg","locations":[{"start":{"line":83,"column":67},"end":{"line":83,"column":71}}]},"3":{"loc":{"start":{"line":85,"column":21},"end":{"line":85,"column":79}},"type":"cond-expr","locations":[{"start":{"line":85,"column":21},"end":{"line":85,"column":79}},{"start":{"line":85,"column":82},"end":{"line":85,"column":84}}]},"4":{"loc":{"start":{"line":88,"column":35},"end":{"line":88,"column":45}},"type":"cond-expr","locations":[{"start":{"line":88,"column":35},"end":{"line":88,"column":45}},{"start":{"line":88,"column":48},"end":{"line":88,"column":50}}]}},"s":{"0":4,"1":4,"2":4,"3":4,"4":4,"5":7,"6":7,"7":1,"8":1,"9":10,"10":11,"11":5,"12":5,"13":0,"14":0,"15":1,"16":5,"17":4,"18":5,"19":4,"20":5,"21":0,"22":4,"23":4,"24":4},"f":{"0":7,"1":1,"2":1,"3":10,"4":11,"5":5,"6":0,"7":0,"8":1,"9":5,"10":4,"11":5,"12":0},"b":{"0":[4,1],"1":[4,0],"2":[0],"3":[0,0],"4":[0,0]}}
,"/Users/marc.wissler/code/git@vi/biotope/biotope-element/src/register.ts": {"path":"/Users/marc.wissler/code/git@vi/biotope/biotope-element/src/register.ts","statementMap":{"0":{"start":{"line":2,"column":0},"end":{"line":2,"column":55}},"1":{"start":{"line":4,"column":41},"end":{"line":4,"column":43}},"2":{"start":{"line":6,"column":30},"end":{"line":12,"column":1}},"3":{"start":{"line":7,"column":2},"end":{"line":10,"column":3}},"4":{"start":{"line":8,"column":22},"end":{"line":8,"column":35}},"5":{"start":{"line":9,"column":29},"end":{"line":9,"column":42}},"6":{"start":{"line":11,"column":2},"end":{"line":11,"column":14}},"7":{"start":{"line":14,"column":25},"end":{"line":27,"column":1}},"8":{"start":{"line":15,"column":19},"end":{"line":15,"column":83}},"9":{"start":{"line":17,"column":13},"end":{"line":17,"column":15}},"10":{"start":{"line":18,"column":2},"end":{"line":20,"column":3}},"11":{"start":{"line":19,"column":4},"end":{"line":19,"column":73}},"12":{"start":{"line":22,"column":2},"end":{"line":25,"column":3}},"13":{"start":{"line":23,"column":4},"end":{"line":23,"column":38}},"14":{"start":{"line":24,"column":4},"end":{"line":24,"column":16}},"15":{"start":{"line":26,"column":2},"end":{"line":26,"column":34}},"16":{"start":{"line":29,"column":19},"end":{"line":31,"column":68}},"17":{"start":{"line":29,"column":81},"end":{"line":31,"column":68}},"18":{"start":{"line":30,"column":18},"end":{"line":30,"column":34}},"19":{"start":{"line":31,"column":28},"end":{"line":31,"column":60}},"20":{"start":{"line":39,"column":13},"end":{"line":72,"column":1}},"21":{"start":{"line":40,"column":21},"end":{"line":40,"column":48}},"22":{"start":{"line":41,"column":23},"end":{"line":41,"column":56}},"23":{"start":{"line":42,"column":44},"end":{"line":42,"column":46}},"24":{"start":{"line":45,"column":2},"end":{"line":55,"column":3}},"25":{"start":{"line":46,"column":4},"end":{"line":52,"column":8}},"26":{"start":{"line":48,"column":21},"end":{"line":52,"column":5}},"27":{"start":{"line":54,"column":4},"end":{"line":54,"column":94}},"28":{"start":{"line":54,"column":45},"end":{"line":54,"column":92}},"29":{"start":{"line":57,"column":2},"end":{"line":57,"column":70}},"30":{"start":{"line":57,"column":47},"end":{"line":57,"column":68}},"31":{"start":{"line":59,"column":2},"end":{"line":71,"column":3}},"32":{"start":{"line":60,"column":4},"end":{"line":60,"column":33}},"33":{"start":{"line":63,"column":4},"end":{"line":70,"column":6}},"34":{"start":{"line":64,"column":22},"end":{"line":64,"column":49}},"35":{"start":{"line":65,"column":30},"end":{"line":65,"column":59}},"36":{"start":{"line":66,"column":6},"end":{"line":66,"column":44}},"37":{"start":{"line":68,"column":6},"end":{"line":68,"column":76}},"38":{"start":{"line":69,"column":6},"end":{"line":69,"column":75}}},"fnMap":{"0":{"name":"(anonymous_0)","decl":{"start":{"line":6,"column":30},"end":{"line":6,"column":31}},"loc":{"start":{"line":6,"column":47},"end":{"line":12,"column":1}}},"1":{"name":"(anonymous_1)","decl":{"start":{"line":14,"column":25},"end":{"line":14,"column":26}},"loc":{"start":{"line":14,"column":57},"end":{"line":27,"column":1}}},"2":{"name":"(anonymous_2)","decl":{"start":{"line":29,"column":19},"end":{"line":29,"column":20}},"loc":{"start":{"line":29,"column":81},"end":{"line":31,"column":68}}},"3":{"name":"(anonymous_3)","decl":{"start":{"line":30,"column":10},"end":{"line":30,"column":13}},"loc":{"start":{"line":30,"column":18},"end":{"line":30,"column":34}}},"4":{"name":"(anonymous_4)","decl":{"start":{"line":31,"column":10},"end":{"line":31,"column":11}},"loc":{"start":{"line":31,"column":28},"end":{"line":31,"column":60}}},"5":{"name":"(anonymous_5)","decl":{"start":{"line":39,"column":24},"end":{"line":39,"column":25}},"loc":{"start":{"line":39,"column":56},"end":{"line":72,"column":1}}},"6":{"name":"(anonymous_6)","decl":{"start":{"line":48,"column":9},"end":{"line":48,"column":15}},"loc":{"start":{"line":48,"column":21},"end":{"line":52,"column":5}}},"7":{"name":"(anonymous_7)","decl":{"start":{"line":54,"column":21},"end":{"line":54,"column":22}},"loc":{"start":{"line":54,"column":45},"end":{"line":54,"column":92}}},"8":{"name":"(anonymous_8)","decl":{"start":{"line":57,"column":33},"end":{"line":57,"column":42}},"loc":{"start":{"line":57,"column":47},"end":{"line":57,"column":68}}},"9":{"name":"(anonymous_9)","decl":{"start":{"line":63,"column":21},"end":{"line":63,"column":22}},"loc":{"start":{"line":63,"column":43},"end":{"line":70,"column":5}}}},"branchMap":{"0":{"loc":{"start":{"line":8,"column":4},"end":{"line":8,"column":35}},"type":"switch","locations":[{"start":{"line":8,"column":4},"end":{"line":8,"column":35}},{"start":{"line":9,"column":4},"end":{"line":9,"column":42}}]},"1":{"loc":{"start":{"line":14,"column":43},"end":{"line":14,"column":45}},"type":"default-arg","locations":[{"start":{"line":14,"column":43},"end":{"line":14,"column":45}}]},"2":{"loc":{"start":{"line":22,"column":2},"end":{"line":25,"column":3}},"type":"if","locations":[{"start":{"line":22,"column":2},"end":{"line":25,"column":3}},{"start":{"line":22,"column":2},"end":{"line":25,"column":3}}]},"3":{"loc":{"start":{"line":31,"column":28},"end":{"line":31,"column":34}},"type":"binary-expr","locations":[{"start":{"line":31,"column":28},"end":{"line":31,"column":34}},{"start":{"line":31,"column":38},"end":{"line":31,"column":60}}]},"4":{"loc":{"start":{"line":45,"column":2},"end":{"line":55,"column":3}},"type":"if","locations":[{"start":{"line":45,"column":2},"end":{"line":55,"column":3}},{"start":{"line":45,"column":2},"end":{"line":55,"column":3}}]},"5":{"loc":{"start":{"line":59,"column":2},"end":{"line":71,"column":3}},"type":"if","locations":[{"start":{"line":59,"column":2},"end":{"line":71,"column":3}},{"start":{"line":59,"column":2},"end":{"line":71,"column":3}}]}},"s":{"0":4,"1":4,"2":4,"3":1,"4":1,"5":0,"6":0,"7":4,"8":0,"9":0,"10":0,"11":0,"12":0,"13":0,"14":0,"15":0,"16":4,"17":0,"18":0,"19":0,"20":4,"21":1,"22":1,"23":1,"24":1,"25":1,"26":0,"27":1,"28":0,"29":1,"30":1,"31":1,"32":1,"33":1,"34":0,"35":0,"36":0,"37":0,"38":0},"f":{"0":1,"1":0,"2":0,"3":0,"4":0,"5":1,"6":0,"7":0,"8":1,"9":0},"b":{"0":[1,0],"1":[0],"2":[0,0],"3":[0,0],"4":[1,0],"5":[1,0]}}
}
