TN:
SF:/Users/marc.wissler/code/git@vi/biotope/biotope-element/src/attribute-name-mapper.ts
FN:3,(anonymous_0)
FNF:1
FNH:1
FNDA:4,(anonymous_0)
DA:3,4
LF:1
LH:1
BRDA:4,0,0,4
BRDA:4,0,1,0
BRF:2
BRH:1
end_of_record
TN:
SF:/Users/marc.wissler/code/git@vi/biotope/biotope-element/src/camelize.ts
FN:1,(anonymous_0)
FN:1,(anonymous_1)
FNF:2
FNH:2
FNDA:4,(anonymous_0)
FNDA:3,(anonymous_1)
DA:1,4
LF:1
LH:1
BRF:0
BRH:0
end_of_record
TN:
SF:/Users/marc.wissler/code/git@vi/biotope/biotope-element/src/get-component-name.ts
FN:7,(anonymous_1)
FNF:1
FNH:1
FNDA:1,(anonymous_1)
DA:1,4
DA:7,4
LF:2
LH:2
BRDA:7,0,0,1
BRDA:7,0,1,0
BRDA:8,1,0,0
BRDA:8,1,1,0
BRF:4
BRH:1
end_of_record
TN:
SF:/Users/marc.wissler/code/git@vi/biotope/biotope-element/src/index.ts
FN:56,(anonymous_1)
FN:18,(anonymous_2)
FN:22,(anonymous_3)
FN:30,(anonymous_4)
FN:34,(anonymous_5)
FN:41,(anonymous_6)
FN:46,(anonymous_7)
FN:50,(anonymous_8)
FN:62,(anonymous_9)
FN:66,(anonymous_10)
FN:68,(anonymous_11)
FN:79,(anonymous_12)
FN:83,(anonymous_13)
FNF:13
FNH:10
FNDA:7,(anonymous_1)
FNDA:1,(anonymous_2)
FNDA:1,(anonymous_3)
FNDA:10,(anonymous_4)
FNDA:11,(anonymous_5)
FNDA:5,(anonymous_6)
FNDA:0,(anonymous_7)
FNDA:0,(anonymous_8)
FNDA:1,(anonymous_9)
FNDA:5,(anonymous_10)
FNDA:4,(anonymous_11)
FNDA:5,(anonymous_12)
FNDA:0,(anonymous_13)
DA:1,4
DA:2,4
DA:4,4
DA:6,4
DA:7,4
DA:11,4
DA:13,4
DA:19,1
DA:23,1
DA:27,4
DA:31,10
DA:35,11
DA:42,5
DA:43,5
DA:47,0
DA:51,0
DA:57,7
DA:58,7
DA:63,1
DA:67,5
DA:68,4
DA:70,5
DA:71,4
DA:80,5
DA:84,0
LF:25
LH:22
BRDA:70,0,0,4
BRDA:70,0,1,1
BRDA:73,1,0,4
BRDA:73,1,1,0
BRDA:83,2,0,0
BRDA:85,3,0,0
BRDA:85,3,1,0
BRDA:88,4,0,0
BRDA:88,4,1,0
BRF:9
BRH:3
end_of_record
TN:
SF:/Users/marc.wissler/code/git@vi/biotope/biotope-element/src/register.ts
FN:6,(anonymous_0)
FN:14,(anonymous_1)
FN:29,(anonymous_2)
FN:30,(anonymous_3)
FN:31,(anonymous_4)
FN:39,(anonymous_5)
FN:48,(anonymous_6)
FN:54,(anonymous_7)
FN:57,(anonymous_8)
FN:63,(anonymous_9)
FNF:10
FNH:3
FNDA:1,(anonymous_0)
FNDA:0,(anonymous_1)
FNDA:0,(anonymous_2)
FNDA:0,(anonymous_3)
FNDA:0,(anonymous_4)
FNDA:1,(anonymous_5)
FNDA:0,(anonymous_6)
FNDA:0,(anonymous_7)
FNDA:1,(anonymous_8)
FNDA:0,(anonymous_9)
DA:2,4
DA:4,4
DA:6,4
DA:7,1
DA:8,1
DA:9,0
DA:11,0
DA:14,4
DA:15,0
DA:17,0
DA:18,0
DA:19,0
DA:22,0
DA:23,0
DA:24,0
DA:26,0
DA:29,4
DA:30,0
DA:31,0
DA:39,4
DA:40,1
DA:41,1
DA:42,1
DA:45,1
DA:46,1
DA:48,0
DA:54,1
DA:57,1
DA:59,1
DA:60,1
DA:63,1
DA:64,0
DA:65,0
DA:66,0
DA:68,0
DA:69,0
LF:36
LH:18
BRDA:8,0,0,1
BRDA:8,0,1,0
BRDA:14,1,0,0
BRDA:22,2,0,0
BRDA:22,2,1,0
BRDA:31,3,0,0
BRDA:31,3,1,0
BRDA:45,4,0,1
BRDA:45,4,1,0
BRDA:59,5,0,1
BRDA:59,5,1,0
BRF:11
BRH:3
end_of_record
